<?xml version="1.0" encoding="UTF-8"?>
<!-- Generated by org.testng.reporters.JUnitXMLReporter -->
<testsuite hostname="DESKTOP-E2LC1BH" ignored="0" name="Test" tests="4" failures="0" timestamp="01 十一月 2017 05:25:46 GMT" time="19.188" errors="0">
  <testcase name="homepageNavigetion" time="4.759" classname="Academy.HomePage"/>
  <testcase name="homepageNavigetion" time="4.509" classname="Academy.HomePage"/>
  <testcase name="Navbar" time="0.051" classname="Academy.validateNavigationBar"/>
  <testcase name="titlecheck" time="0.037" classname="Academy.validateTitle"/>
</testsuite> <!-- Test -->
