<?xml version="1.0" encoding="UTF-8"?>
<!-- Generated by org.testng.reporters.JUnitXMLReporter -->
<testsuite hostname="DESKTOP-E2LC1BH" ignored="0" name="Test" tests="4" failures="0" timestamp="01 十一月 2017 08:40:01 GMT" time="17.397" errors="0">
  <testcase name="homepageNavigetion" time="5.097" classname="Academy.HomePage"/>
  <testcase name="homepageNavigetion" time="4.706" classname="Academy.HomePage"/>
  <testcase name="Navbar" time="0.056" classname="Academy.validateNavigationBar"/>
  <testcase name="titlecheck" time="0.054" classname="Academy.validateTitle"/>
</testsuite> <!-- Test -->
